  main.cpp
E:\Projects\ComputerGraphics\openglDemo\src\main.cpp(68,28): warning C4305: “初始化”: 从“double”到“float”截断
E:\Projects\ComputerGraphics\openglDemo\src\main.cpp(69,28): warning C4305: “初始化”: 从“double”到“float”截断
E:\Projects\ComputerGraphics\openglDemo\src\main.cpp(70,28): warning C4305: “初始化”: 从“double”到“float”截断
E:\Projects\ComputerGraphics\openglDemo\src\main.cpp(71,28): warning C4305: “初始化”: 从“double”到“float”截断
E:\Projects\ComputerGraphics\openglDemo\src\main.cpp(72,28): warning C4305: “初始化”: 从“double”到“float”截断
E:\Projects\ComputerGraphics\openglDemo\src\main.cpp(73,28): warning C4305: “初始化”: 从“double”到“float”截断
E:\Projects\ComputerGraphics\openglDemo\src\main.cpp(74,28): warning C4305: “初始化”: 从“double”到“float”截断
E:\Projects\ComputerGraphics\openglDemo\src\main.cpp(75,28): warning C4305: “初始化”: 从“double”到“float”截断
E:\Projects\ComputerGraphics\openglDemo\src\main.cpp(76,28): warning C4305: “初始化”: 从“double”到“float”截断
E:\Projects\ComputerGraphics\openglDemo\src\main.cpp(95,28): warning C4305: “初始化”: 从“double”到“float”截断
E:\Projects\ComputerGraphics\openglDemo\src\main.cpp(96,28): warning C4305: “初始化”: 从“double”到“float”截断
E:\Projects\ComputerGraphics\openglDemo\src\main.cpp(97,28): warning C4305: “初始化”: 从“double”到“float”截断
E:\Projects\ComputerGraphics\openglDemo\src\main.cpp(98,28): warning C4305: “初始化”: 从“double”到“float”截断
E:\Projects\ComputerGraphics\openglDemo\src\main.cpp(99,28): warning C4305: “初始化”: 从“double”到“float”截断
E:\Projects\ComputerGraphics\openglDemo\src\main.cpp(100,28): warning C4305: “初始化”: 从“double”到“float”截断
E:\Projects\ComputerGraphics\openglDemo\src\main.cpp(101,28): warning C4305: “初始化”: 从“double”到“float”截断
E:\Projects\ComputerGraphics\openglDemo\src\main.cpp(102,28): warning C4305: “初始化”: 从“double”到“float”截断
E:\Projects\ComputerGraphics\openglDemo\src\main.cpp(103,28): warning C4305: “初始化”: 从“double”到“float”截断
E:\Projects\ComputerGraphics\openglDemo\src\main.cpp(122,27): warning C4305: “初始化”: 从“double”到“float”截断
E:\Projects\ComputerGraphics\openglDemo\src\main.cpp(123,27): warning C4305: “初始化”: 从“double”到“float”截断
E:\Projects\ComputerGraphics\openglDemo\src\main.cpp(124,27): warning C4305: “初始化”: 从“double”到“float”截断
E:\Projects\ComputerGraphics\openglDemo\src\main.cpp(125,27): warning C4305: “初始化”: 从“double”到“float”截断
E:\Projects\ComputerGraphics\openglDemo\src\main.cpp(126,27): warning C4305: “初始化”: 从“double”到“float”截断
E:\Projects\ComputerGraphics\openglDemo\src\main.cpp(127,27): warning C4305: “初始化”: 从“double”到“float”截断
E:\Projects\ComputerGraphics\openglDemo\src\main.cpp(128,27): warning C4305: “初始化”: 从“double”到“float”截断
E:\Projects\ComputerGraphics\openglDemo\src\main.cpp(129,27): warning C4305: “初始化”: 从“double”到“float”截断
E:\Projects\ComputerGraphics\openglDemo\src\main.cpp(130,27): warning C4305: “初始化”: 从“double”到“float”截断
E:\Projects\ComputerGraphics\openglDemo\src\main.cpp(131,27): warning C4305: “初始化”: 从“double”到“float”截断
E:\Projects\ComputerGraphics\openglDemo\src\main.cpp(132,27): warning C4305: “初始化”: 从“double”到“float”截断
E:\Projects\ComputerGraphics\openglDemo\src\main.cpp(133,27): warning C4305: “初始化”: 从“double”到“float”截断
E:\Projects\ComputerGraphics\openglDemo\src\main.cpp(134,27): warning C4305: “初始化”: 从“double”到“float”截断
E:\Projects\ComputerGraphics\openglDemo\src\main.cpp(135,27): warning C4305: “初始化”: 从“double”到“float”截断
E:\Projects\ComputerGraphics\openglDemo\src\main.cpp(136,27): warning C4305: “初始化”: 从“double”到“float”截断
E:\Projects\ComputerGraphics\openglDemo\src\main.cpp(137,27): warning C4305: “初始化”: 从“double”到“float”截断
E:\Projects\ComputerGraphics\openglDemo\src\main.cpp(138,27): warning C4305: “初始化”: 从“double”到“float”截断
E:\Projects\ComputerGraphics\openglDemo\src\main.cpp(139,27): warning C4305: “初始化”: 从“double”到“float”截断
E:\Projects\ComputerGraphics\openglDemo\src\main.cpp(178,28): warning C4305: “初始化”: 从“double”到“float”截断
E:\Projects\ComputerGraphics\openglDemo\src\main.cpp(179,28): warning C4305: “初始化”: 从“double”到“float”截断
E:\Projects\ComputerGraphics\openglDemo\src\main.cpp(180,28): warning C4305: “初始化”: 从“double”到“float”截断
E:\Projects\ComputerGraphics\openglDemo\src\main.cpp(181,28): warning C4305: “初始化”: 从“double”到“float”截断
E:\Projects\ComputerGraphics\openglDemo\src\main.cpp(182,28): warning C4305: “初始化”: 从“double”到“float”截断
E:\Projects\ComputerGraphics\openglDemo\src\main.cpp(183,28): warning C4305: “初始化”: 从“double”到“float”截断
E:\Projects\ComputerGraphics\openglDemo\src\main.cpp(184,28): warning C4305: “初始化”: 从“double”到“float”截断
E:\Projects\ComputerGraphics\openglDemo\src\main.cpp(185,28): warning C4305: “初始化”: 从“double”到“float”截断
E:\Projects\ComputerGraphics\openglDemo\src\main.cpp(186,28): warning C4305: “初始化”: 从“double”到“float”截断
E:\Projects\ComputerGraphics\openglDemo\src\main.cpp(199,27): warning C4305: “初始化”: 从“double”到“float”截断
E:\Projects\ComputerGraphics\openglDemo\src\main.cpp(200,27): warning C4305: “初始化”: 从“double”到“float”截断
E:\Projects\ComputerGraphics\openglDemo\src\main.cpp(201,27): warning C4305: “初始化”: 从“double”到“float”截断
E:\Projects\ComputerGraphics\openglDemo\src\main.cpp(205,28): warning C4305: “初始化”: 从“double”到“float”截断
E:\Projects\ComputerGraphics\openglDemo\src\main.cpp(206,28): warning C4305: “初始化”: 从“double”到“float”截断
E:\Projects\ComputerGraphics\openglDemo\src\main.cpp(207,28): warning C4305: “初始化”: 从“double”到“float”截断
E:\Projects\ComputerGraphics\openglDemo\src\main.cpp(208,28): warning C4305: “初始化”: 从“double”到“float”截断
E:\Projects\ComputerGraphics\openglDemo\src\main.cpp(209,28): warning C4305: “初始化”: 从“double”到“float”截断
E:\Projects\ComputerGraphics\openglDemo\src\main.cpp(210,28): warning C4305: “初始化”: 从“double”到“float”截断
E:\Projects\ComputerGraphics\openglDemo\src\main.cpp(211,28): warning C4305: “初始化”: 从“double”到“float”截断
E:\Projects\ComputerGraphics\openglDemo\src\main.cpp(212,28): warning C4305: “初始化”: 从“double”到“float”截断
E:\Projects\ComputerGraphics\openglDemo\src\main.cpp(213,28): warning C4305: “初始化”: 从“double”到“float”截断
E:\Projects\ComputerGraphics\openglDemo\src\main.cpp(217,28): warning C4305: “初始化”: 从“double”到“float”截断
E:\Projects\ComputerGraphics\openglDemo\src\main.cpp(218,28): warning C4305: “初始化”: 从“double”到“float”截断
E:\Projects\ComputerGraphics\openglDemo\src\main.cpp(219,28): warning C4305: “初始化”: 从“double”到“float”截断
E:\Projects\ComputerGraphics\openglDemo\src\main.cpp(232,27): warning C4305: “初始化”: 从“double”到“float”截断
E:\Projects\ComputerGraphics\openglDemo\src\main.cpp(233,27): warning C4305: “初始化”: 从“double”到“float”截断
E:\Projects\ComputerGraphics\openglDemo\src\main.cpp(234,27): warning C4305: “初始化”: 从“double”到“float”截断
E:\Projects\ComputerGraphics\openglDemo\src\main.cpp(235,27): warning C4305: “初始化”: 从“double”到“float”截断
E:\Projects\ComputerGraphics\openglDemo\src\main.cpp(236,27): warning C4305: “初始化”: 从“double”到“float”截断
E:\Projects\ComputerGraphics\openglDemo\src\main.cpp(237,27): warning C4305: “初始化”: 从“double”到“float”截断
E:\Projects\ComputerGraphics\openglDemo\src\main.cpp(238,27): warning C4305: “初始化”: 从“double”到“float”截断
E:\Projects\ComputerGraphics\openglDemo\src\main.cpp(239,27): warning C4305: “初始化”: 从“double”到“float”截断
E:\Projects\ComputerGraphics\openglDemo\src\main.cpp(240,27): warning C4305: “初始化”: 从“double”到“float”截断
E:\Projects\ComputerGraphics\openglDemo\src\main.cpp(241,27): warning C4305: “初始化”: 从“double”到“float”截断
E:\Projects\ComputerGraphics\openglDemo\src\main.cpp(242,27): warning C4305: “初始化”: 从“double”到“float”截断
E:\Projects\ComputerGraphics\openglDemo\src\main.cpp(243,27): warning C4305: “初始化”: 从“double”到“float”截断
E:\Projects\ComputerGraphics\openglDemo\src\main.cpp(244,27): warning C4305: “初始化”: 从“double”到“float”截断
E:\Projects\ComputerGraphics\openglDemo\src\main.cpp(245,27): warning C4305: “初始化”: 从“double”到“float”截断
E:\Projects\ComputerGraphics\openglDemo\src\main.cpp(246,27): warning C4305: “初始化”: 从“double”到“float”截断
E:\Projects\ComputerGraphics\openglDemo\src\main.cpp(247,27): warning C4305: “初始化”: 从“double”到“float”截断
E:\Projects\ComputerGraphics\openglDemo\src\main.cpp(248,27): warning C4305: “初始化”: 从“double”到“float”截断
E:\Projects\ComputerGraphics\openglDemo\src\main.cpp(249,27): warning C4305: “初始化”: 从“double”到“float”截断
E:\Projects\ComputerGraphics\openglDemo\src\main.cpp(262,27): warning C4305: “初始化”: 从“double”到“float”截断
E:\Projects\ComputerGraphics\openglDemo\src\main.cpp(263,27): warning C4305: “初始化”: 从“double”到“float”截断
E:\Projects\ComputerGraphics\openglDemo\src\main.cpp(264,27): warning C4305: “初始化”: 从“double”到“float”截断
E:\Projects\ComputerGraphics\openglDemo\src\main.cpp(280,28): warning C4305: “初始化”: 从“double”到“float”截断
E:\Projects\ComputerGraphics\openglDemo\src\main.cpp(281,28): warning C4305: “初始化”: 从“double”到“float”截断
E:\Projects\ComputerGraphics\openglDemo\src\main.cpp(282,28): warning C4305: “初始化”: 从“double”到“float”截断
E:\Projects\ComputerGraphics\openglDemo\src\main.cpp(638,11): warning C4244: “=”: 从“double”转换到“GLfloat”，可能丢失数据
E:\Projects\ComputerGraphics\openglDemo\src\main.cpp(639,11): warning C4244: “=”: 从“double”转换到“GLfloat”，可能丢失数据
E:\Projects\ComputerGraphics\openglDemo\src\main.cpp(645,16): warning C4244: “初始化”: 从“double”转换到“float”，可能丢失数据
E:\Projects\ComputerGraphics\openglDemo\src\main.cpp(646,16): warning C4244: “初始化”: 从“double”转换到“float”，可能丢失数据
E:\Projects\ComputerGraphics\openglDemo\src\main.cpp(656,19): warning C4244: “初始化”: 从“double”转换到“GLfloat”，可能丢失数据
E:\Projects\ComputerGraphics\openglDemo\src\main.cpp(657,19): warning C4244: “初始化”: 从“double”转换到“GLfloat”，可能丢失数据
E:\Projects\ComputerGraphics\openglDemo\src\main.cpp(658,11): warning C4244: “=”: 从“double”转换到“GLfloat”，可能丢失数据
E:\Projects\ComputerGraphics\openglDemo\src\main.cpp(659,11): warning C4244: “=”: 从“double”转换到“GLfloat”，可能丢失数据
E:\Projects\ComputerGraphics\openglDemo\src\main.cpp(687,47): warning C4244: “+=”: 从“double”转换到“float”，可能丢失数据
E:\Projects\ComputerGraphics\openglDemo\src\main.cpp(691,49): warning C4244: “+=”: 从“double”转换到“float”，可能丢失数据
E:\Projects\ComputerGraphics\openglDemo\src\main.cpp(695,42): warning C4244: “+=”: 从“double”转换到“float”，可能丢失数据
E:\Projects\ComputerGraphics\openglDemo\src\main.cpp(699,21): warning C4244: “-=”: 从“double”转换到“GLfloat”，可能丢失数据
E:\Projects\ComputerGraphics\openglDemo\src\main.cpp(708,25): warning C4244: “初始化”: 从“double”转换到“float”，可能丢失数据
E:\Projects\ComputerGraphics\openglDemo\src\main.cpp(1049,24): warning C4244: “初始化”: 从“double”转换到“GLfloat”，可能丢失数据
  openglDemo.vcxproj -> E:\Projects\ComputerGraphics\openglDemo\x64\Debug\openglDemo.exe
